D:\SUAI\8sem\Alexeev\msvs10\scm_10\csm\\build\bin\Debug\system\system.exe
D:\SUAI\8sem\Alexeev\msvs10\scm_10\csm\\build\bin\Debug\system\system.ilk
D:\SUAI\8sem\Alexeev\msvs10\scm_10\csm\\build\bin\Debug\system\system.pdb
D:\SUAI\8SEM\ALEXEEV\MSVS10\SCM_10\CSM\BUILD\BIN\DEBUG\SYSTEM\SYSTEM.EXE
D:\SUAI\8SEM\ALEXEEV\MSVS10\SCM_10\CSM\BUILD\BIN\DEBUG\SYSTEM\SYSTEM.ILK
D:\SUAI\8SEM\ALEXEEV\MSVS10\SCM_10\CSM\BUILD\BIN\DEBUG\SYSTEM\SYSTEM.PDB
D:\SUAI\8sem\Alexeev\msvs10\scm_10\csm\build\obj\Debug\system\cl.command.1.tlog
D:\SUAI\8sem\Alexeev\msvs10\scm_10\csm\build\obj\Debug\system\CL.read.1.tlog
D:\SUAI\8sem\Alexeev\msvs10\scm_10\csm\build\obj\Debug\system\CL.write.1.tlog
D:\SUAI\8sem\Alexeev\msvs10\scm_10\csm\build\obj\Debug\system\link.3356.read.1.tlog
D:\SUAI\8sem\Alexeev\msvs10\scm_10\csm\build\obj\Debug\system\link.3356.write.1.tlog
D:\SUAI\8sem\Alexeev\msvs10\scm_10\csm\build\obj\Debug\system\link.3356-cvtres.read.1.tlog
D:\SUAI\8sem\Alexeev\msvs10\scm_10\csm\build\obj\Debug\system\link.3356-cvtres.write.1.tlog
D:\SUAI\8sem\Alexeev\msvs10\scm_10\csm\build\obj\Debug\system\link.command.1.tlog
D:\SUAI\8sem\Alexeev\msvs10\scm_10\csm\build\obj\Debug\system\link.read.1.tlog
D:\SUAI\8sem\Alexeev\msvs10\scm_10\csm\build\obj\Debug\system\link.write.1.tlog
D:\SUAI\8sem\Alexeev\msvs10\scm_10\csm\build\obj\Debug\system\link-cvtres.read.1.tlog
D:\SUAI\8sem\Alexeev\msvs10\scm_10\csm\build\obj\Debug\system\link-cvtres.write.1.tlog
D:\SUAI\8SEM\ALEXEEV\MSVS10\SCM_10\CSM\BUILD\OBJ\DEBUG\SYSTEM\MAIN.OBJ
D:\SUAI\8sem\Alexeev\msvs10\scm_10\csm\build\obj\Debug\system\mt.command.1.tlog
D:\SUAI\8sem\Alexeev\msvs10\scm_10\csm\build\obj\Debug\system\mt.read.1.tlog
D:\SUAI\8sem\Alexeev\msvs10\scm_10\csm\build\obj\Debug\system\mt.write.1.tlog
D:\SUAI\8sem\Alexeev\msvs10\scm_10\csm\build\obj\Debug\system\rc.command.1.tlog
D:\SUAI\8sem\Alexeev\msvs10\scm_10\csm\build\obj\Debug\system\rc.read.1.tlog
D:\SUAI\8sem\Alexeev\msvs10\scm_10\csm\build\obj\Debug\system\rc.write.1.tlog
D:\SUAI\8SEM\ALEXEEV\MSVS10\SCM_10\CSM\BUILD\OBJ\DEBUG\SYSTEM\SYSTEM.EXE.EMBED.MANIFEST
D:\SUAI\8SEM\ALEXEEV\MSVS10\SCM_10\CSM\BUILD\OBJ\DEBUG\SYSTEM\SYSTEM.EXE.EMBED.MANIFEST.RES
D:\SUAI\8SEM\ALEXEEV\MSVS10\SCM_10\CSM\BUILD\OBJ\DEBUG\SYSTEM\SYSTEM.EXE.INTERMEDIATE.MANIFEST
D:\SUAI\8sem\Alexeev\msvs10\scm_10\csm\build\obj\Debug\system\system_manifest.rc
D:\SUAI\8SEM\ALEXEEV\MSVS10\SCM_10\CSM\BUILD\OBJ\DEBUG\SYSTEM\TEST_01.OBJ
D:\SUAI\8SEM\ALEXEEV\MSVS10\SCM_10\CSM\BUILD\OBJ\DEBUG\SYSTEM\TEST_02.OBJ
D:\SUAI\8SEM\ALEXEEV\MSVS10\SCM_10\CSM\BUILD\OBJ\DEBUG\SYSTEM\TEST_03.OBJ
D:\SUAI\8sem\Alexeev\msvs10\scm_10\csm\build\obj\Debug\system\vc100.idb
D:\SUAI\8SEM\ALEXEEV\MSVS10\SCM_10\CSM\BUILD\OBJ\DEBUG\SYSTEM\VC100.PDB
