D:\SUAI\8sem\Alexeev\msvs10\scm_10\csm\\build\bin\Debug\argtable_lib\argtable_lib.lib
D:\SUAI\8SEM\ALEXEEV\MSVS10\SCM_10\CSM\BUILD\BIN\DEBUG\ARGTABLE_LIB\ARGTABLE_LIB.LIB
D:\SUAI\8SEM\ALEXEEV\MSVS10\SCM_10\CSM\BUILD\OBJ\DEBUG\ARGTABLE_LIB\ARG_DBL.OBJ
D:\SUAI\8SEM\ALEXEEV\MSVS10\SCM_10\CSM\BUILD\OBJ\DEBUG\ARGTABLE_LIB\ARG_END.OBJ
D:\SUAI\8SEM\ALEXEEV\MSVS10\SCM_10\CSM\BUILD\OBJ\DEBUG\ARGTABLE_LIB\ARG_FILE.OBJ
D:\SUAI\8SEM\ALEXEEV\MSVS10\SCM_10\CSM\BUILD\OBJ\DEBUG\ARGTABLE_LIB\ARG_INT.OBJ
D:\SUAI\8SEM\ALEXEEV\MSVS10\SCM_10\CSM\BUILD\OBJ\DEBUG\ARGTABLE_LIB\ARG_LIT.OBJ
D:\SUAI\8SEM\ALEXEEV\MSVS10\SCM_10\CSM\BUILD\OBJ\DEBUG\ARGTABLE_LIB\ARG_REM.OBJ
D:\SUAI\8SEM\ALEXEEV\MSVS10\SCM_10\CSM\BUILD\OBJ\DEBUG\ARGTABLE_LIB\ARG_STR.OBJ
D:\SUAI\8SEM\ALEXEEV\MSVS10\SCM_10\CSM\BUILD\OBJ\DEBUG\ARGTABLE_LIB\ARGTABLE2.OBJ
D:\SUAI\8sem\Alexeev\msvs10\scm_10\csm\build\obj\Debug\argtable_lib\cl.command.1.tlog
D:\SUAI\8sem\Alexeev\msvs10\scm_10\csm\build\obj\Debug\argtable_lib\CL.read.1.tlog
D:\SUAI\8sem\Alexeev\msvs10\scm_10\csm\build\obj\Debug\argtable_lib\CL.write.1.tlog
D:\SUAI\8SEM\ALEXEEV\MSVS10\SCM_10\CSM\BUILD\OBJ\DEBUG\ARGTABLE_LIB\GETOPT.OBJ
D:\SUAI\8SEM\ALEXEEV\MSVS10\SCM_10\CSM\BUILD\OBJ\DEBUG\ARGTABLE_LIB\GETOPT1.OBJ
D:\SUAI\8sem\Alexeev\msvs10\scm_10\csm\build\obj\Debug\argtable_lib\lib.command.1.tlog
D:\SUAI\8sem\Alexeev\msvs10\scm_10\csm\build\obj\Debug\argtable_lib\Lib-link.read.1.tlog
D:\SUAI\8sem\Alexeev\msvs10\scm_10\csm\build\obj\Debug\argtable_lib\Lib-link.write.1.tlog
D:\SUAI\8sem\Alexeev\msvs10\scm_10\csm\build\obj\Debug\argtable_lib\vc100.idb
D:\SUAI\8SEM\ALEXEEV\MSVS10\SCM_10\CSM\BUILD\OBJ\DEBUG\ARGTABLE_LIB\VC100.PDB
